\BOOKMARK [1][-]{section.1}{Introduction, Algebraic Geometry}{}% 1
\BOOKMARK [2][-]{subsection.1.1}{What is it?}{section.1}% 2
\BOOKMARK [2][-]{subsection.1.2}{Euler's Formula}{section.1}% 3
\BOOKMARK [2][-]{subsection.1.3}{ArchNewt and Newt}{section.1}% 4
\BOOKMARK [2][-]{subsection.1.4}{Backup}{section.1}% 5
\BOOKMARK [3][-]{subsubsection.1.4.1}{Convex}{subsection.1.4}% 6
\BOOKMARK [3][-]{subsubsection.1.4.2}{Convex Hull}{subsection.1.4}% 7
\BOOKMARK [3][-]{subsubsection.1.4.3}{Polytope}{subsection.1.4}% 8
\BOOKMARK [3][-]{subsubsection.1.4.4}{Correct definitions for Newt and Archnewt}{subsection.1.4}% 9
\BOOKMARK [2][-]{subsection.1.5}{Univariate Trinomials}{section.1}% 10
\BOOKMARK [1][-]{section.2}{Archimedean Tropical Variety}{}% 11
\BOOKMARK [2][-]{subsection.2.1}{ArchTrop and Amoeba}{section.2}% 12
\BOOKMARK [2][-]{subsection.2.2}{Vertex, Edge, and Lower Edge}{section.2}% 13
\BOOKMARK [3][-]{subsubsection.2.2.1}{Vertex}{subsection.2.2}% 14
\BOOKMARK [3][-]{subsubsection.2.2.2}{Edge}{subsection.2.2}% 15
\BOOKMARK [3][-]{subsubsection.2.2.3}{Lower Edge}{subsection.2.2}% 16
\BOOKMARK [1][-]{section.3}{ArchTrop and Amoeba in multivariable functions}{}% 17
\BOOKMARK [2][-]{subsection.3.1}{Orientation}{section.3}% 18
\BOOKMARK [2][-]{subsection.3.2}{Puzzle}{section.3}% 19
\BOOKMARK [1][-]{section.4}{An Incremental Algorithm}{}% 20
\BOOKMARK [2][-]{subsection.4.1}{Description}{section.4}% 21
\BOOKMARK [2][-]{subsection.4.2}{Complexity}{section.4}% 22
\BOOKMARK [2][-]{subsection.4.3}{Alternative Definition for ArchTrop\(f\)}{section.4}% 23
\BOOKMARK [2][-]{subsection.4.4}{Back up}{section.4}% 24
\BOOKMARK [3][-]{subsubsection.4.4.1}{Affine}{subsection.4.4}% 25
\BOOKMARK [3][-]{subsubsection.4.4.2}{Face}{subsection.4.4}% 26
\BOOKMARK [3][-]{subsubsection.4.4.3}{Half Space}{subsection.4.4}% 27
\BOOKMARK [3][-]{subsubsection.4.4.4}{Dimension}{subsection.4.4}% 28
