\BOOKMARK [1][-]{section.1}{Introduction, Algebraic Geometry}{}% 1
\BOOKMARK [2][-]{subsection.1.1}{What is it?}{section.1}% 2
\BOOKMARK [2][-]{subsection.1.2}{Euler's Formula}{section.1}% 3
\BOOKMARK [2][-]{subsection.1.3}{Sample Graph Theory Problems}{section.1}% 4
\BOOKMARK [2][-]{subsection.1.4}{Permutations and Combinations}{section.1}% 5
\BOOKMARK [3][-]{subsubsection.1.4.1}{Set Notation}{subsection.1.4}% 6
\BOOKMARK [3][-]{subsubsection.1.4.2}{Permutations}{subsection.1.4}% 7
\BOOKMARK [3][-]{subsubsection.1.4.3}{Application: Binomial Theorem}{subsection.1.4}% 8
\BOOKMARK [1][-]{section.2}{Simple Tools for Counting}{}% 9
\BOOKMARK [2][-]{subsection.2.1}{Partitioning}{section.2}% 10
\BOOKMARK [2][-]{subsection.2.2}{Pascal's Triangle}{section.2}% 11
\BOOKMARK [2][-]{subsection.2.3}{Injections, Bijections, and Onto}{section.2}% 12
\BOOKMARK [2][-]{subsection.2.4}{Application: Binomial Coefficients}{section.2}% 13
\BOOKMARK [1][-]{section.3}{Power Series and Generating Functions}{}% 14
\BOOKMARK [2][-]{subsection.3.1}{Power Series}{section.3}% 15
\BOOKMARK [3][-]{subsubsection.3.1.1}{A General Counting Problem}{subsection.3.1}% 16
\BOOKMARK [2][-]{subsection.3.2}{Generating Functions}{section.3}% 17
\BOOKMARK [2][-]{subsection.3.3}{Working With \(Formal\) Power Series}{section.3}% 18
\BOOKMARK [3][-]{subsubsection.3.3.1}{Finding Inverses}{subsection.3.3}% 19
\BOOKMARK [3][-]{subsubsection.3.3.2}{Compositions}{subsection.3.3}% 20
\BOOKMARK [3][-]{subsubsection.3.3.3}{Cartesian Product}{subsection.3.3}% 21
\BOOKMARK [2][-]{subsection.3.4}{The Sum and Product Lemmas}{section.3}% 22
\BOOKMARK [3][-]{subsubsection.3.4.1}{Sum Lemma}{subsection.3.4}% 23
\BOOKMARK [3][-]{subsubsection.3.4.2}{Product Lemma}{subsection.3.4}% 24
\BOOKMARK [1][-]{section.4}{Binary Strings}{}% 25
\BOOKMARK [2][-]{subsection.4.1}{Generating Functions for Strings}{section.4}% 26
\BOOKMARK [2][-]{subsection.4.2}{Counting Strings}{section.4}% 27
\BOOKMARK [3][-]{subsubsection.4.2.1}{Recursive String Definitions}{subsection.4.2}% 28
\BOOKMARK [1][-]{section.5}{Coefficients from Rational Functions}{}% 29
\BOOKMARK [1][-]{section.6}{Solving Recurrence Relations}{}% 30
\BOOKMARK [2][-]{subsection.6.1}{Non-homogeneous Recurrences}{section.6}% 31
\BOOKMARK [1][-]{section.7}{Introduction to Graph Theory}{}% 32
\BOOKMARK [2][-]{subsection.7.1}{Isomorphism}{section.7}% 33
\BOOKMARK [2][-]{subsection.7.2}{Degrees of Vertices}{section.7}% 34
\BOOKMARK [2][-]{subsection.7.3}{Bipartite Graphs}{section.7}% 35
\BOOKMARK [2][-]{subsection.7.4}{Walks, Cycles, and Paths}{section.7}% 36
\BOOKMARK [3][-]{subsubsection.7.4.1}{Hamiltonian Cycles}{subsection.7.4}% 37
\BOOKMARK [2][-]{subsection.7.5}{Disjoint Paths}{section.7}% 38
\BOOKMARK [3][-]{subsubsection.7.5.1}{Menger's Theorem}{subsection.7.5}% 39
\BOOKMARK [3][-]{subsubsection.7.5.2}{Connectedness, Subgraphs, and Components}{subsection.7.5}% 40
\BOOKMARK [3][-]{subsubsection.7.5.3}{Equivalence Relations}{subsection.7.5}% 41
\BOOKMARK [3][-]{subsubsection.7.5.4}{Bridges}{subsection.7.5}% 42
\BOOKMARK [1][-]{section.8}{Trees}{}% 43
\BOOKMARK [2][-]{subsection.8.1}{More on Bipartite Graphs}{section.8}% 44
\BOOKMARK [2][-]{subsection.8.2}{Graph Colouring}{section.8}% 45
\BOOKMARK [1][-]{section.9}{Planar Graphs}{}% 46
\BOOKMARK [2][-]{subsection.9.1}{Platonic Graphs}{section.9}% 47
\BOOKMARK [2][-]{subsection.9.2}{Review of Planar Graphs}{section.9}% 48
\BOOKMARK [2][-]{subsection.9.3}{Planar Solids}{section.9}% 49
\BOOKMARK [2][-]{subsection.9.4}{Non-Planar Graphs}{section.9}% 50
\BOOKMARK [2][-]{subsection.9.5}{Kuratowski's Theorem}{section.9}% 51
\BOOKMARK [2][-]{subsection.9.6}{Graph Colouring}{section.9}% 52
\BOOKMARK [2][-]{subsection.9.7}{Dual Graphs}{section.9}% 53
\BOOKMARK [1][-]{section.10}{Matching}{}% 54
\BOOKMARK [2][-]{subsection.10.1}{Application: co-op}{section.10}% 55
\BOOKMARK [2][-]{subsection.10.2}{Saturation}{section.10}% 56
\BOOKMARK [3][-]{subsubsection.10.2.1}{Algorithm for Maximum Matching}{subsection.10.2}% 57
\BOOKMARK [2][-]{subsection.10.3}{Vertex Covers}{section.10}% 58
\BOOKMARK [2][-]{subsection.10.4}{XY-Structures}{section.10}% 59
\BOOKMARK [3][-]{subsubsection.10.4.1}{Algorithm For Finding a Maximum Matching and Minimal Vertex Cover}{subsection.10.4}% 60
\BOOKMARK [2][-]{subsection.10.5}{Hall's Theorem}{section.10}% 61
