This is pdfTeX, Version 3.14159265-2.6-1.40.17 (TeX Live 2016) (preloaded format=pdflatex 2016.5.22)  26 JUN 2017 16:31
entering extended mode
 restricted \write18 enabled.
 file:line:error style messages enabled.
 %&-line parsing enabled.
**math.tex
(./math.tex
LaTeX2e <2016/03/31>
Babel <3.9r> and hyphenation patterns for 83 language(s) loaded.
(/usr/local/texlive/2016/texmf-dist/tex/latex/base/article.cls
Document Class: article 2014/09/29 v1.4h Standard LaTeX document class
(/usr/local/texlive/2016/texmf-dist/tex/latex/base/size10.clo
File: size10.clo 2014/09/29 v1.4h Standard LaTeX file (size option)
)
\c@part=\count79
\c@section=\count80
\c@subsection=\count81
\c@subsubsection=\count82
\c@paragraph=\count83
\c@subparagraph=\count84
\c@figure=\count85
\c@table=\count86
\abovecaptionskip=\skip41
\belowcaptionskip=\skip42
\bibindent=\dimen102
)
(/usr/local/texlive/2016/texmf-dist/tex/latex/geometry/geometry.sty
Package: geometry 2010/09/12 v5.6 Page Geometry

(/usr/local/texlive/2016/texmf-dist/tex/latex/graphics/keyval.sty
Package: keyval 2014/10/28 v1.15 key=value parser (DPC)
\KV@toks@=\toks14
)
(/usr/local/texlive/2016/texmf-dist/tex/generic/oberdiek/ifpdf.sty
Package: ifpdf 2016/05/14 v3.1 Provides the ifpdf switch
)
(/usr/local/texlive/2016/texmf-dist/tex/generic/oberdiek/ifvtex.sty
Package: ifvtex 2016/05/16 v1.6 Detect VTeX and its facilities (HO)
Package ifvtex Info: VTeX not detected.
)
(/usr/local/texlive/2016/texmf-dist/tex/generic/ifxetex/ifxetex.sty
Package: ifxetex 2010/09/12 v0.6 Provides ifxetex conditional
)
\Gm@cnth=\count87
\Gm@cntv=\count88
\c@Gm@tempcnt=\count89
\Gm@bindingoffset=\dimen103
\Gm@wd@mp=\dimen104
\Gm@odd@mp=\dimen105
\Gm@even@mp=\dimen106
\Gm@layoutwidth=\dimen107
\Gm@layoutheight=\dimen108
\Gm@layouthoffset=\dimen109
\Gm@layoutvoffset=\dimen110
\Gm@dimlist=\toks15
)
(/usr/local/texlive/2016/texmf-dist/tex/latex/amsmath/amsmath.sty
Package: amsmath 2016/03/10 v2.15b AMS math features
\@mathmargin=\skip43

For additional information on amsmath, use the `?' option.
(/usr/local/texlive/2016/texmf-dist/tex/latex/amsmath/amstext.sty
Package: amstext 2000/06/29 v2.01 AMS text

(/usr/local/texlive/2016/texmf-dist/tex/latex/amsmath/amsgen.sty
File: amsgen.sty 1999/11/30 v2.0 generic functions
\@emptytoks=\toks16
\ex@=\dimen111
))
(/usr/local/texlive/2016/texmf-dist/tex/latex/amsmath/amsbsy.sty
Package: amsbsy 1999/11/29 v1.2d Bold Symbols
\pmbraise@=\dimen112
)
(/usr/local/texlive/2016/texmf-dist/tex/latex/amsmath/amsopn.sty
Package: amsopn 2016/03/08 v2.02 operator names
)
\inf@bad=\count90
LaTeX Info: Redefining \frac on input line 199.
\uproot@=\count91
\leftroot@=\count92
LaTeX Info: Redefining \overline on input line 297.
\classnum@=\count93
\DOTSCASE@=\count94
LaTeX Info: Redefining \ldots on input line 394.
LaTeX Info: Redefining \dots on input line 397.
LaTeX Info: Redefining \cdots on input line 518.
\Mathstrutbox@=\box26
\strutbox@=\box27
\big@size=\dimen113
LaTeX Font Info:    Redeclaring font encoding OML on input line 634.
LaTeX Font Info:    Redeclaring font encoding OMS on input line 635.
\macc@depth=\count95
\c@MaxMatrixCols=\count96
\dotsspace@=\muskip10
\c@parentequation=\count97
\dspbrk@lvl=\count98
\tag@help=\toks17
\row@=\count99
\column@=\count100
\maxfields@=\count101
\andhelp@=\toks18
\eqnshift@=\dimen114
\alignsep@=\dimen115
\tagshift@=\dimen116
\tagwidth@=\dimen117
\totwidth@=\dimen118
\lineht@=\dimen119
\@envbody=\toks19
\multlinegap=\skip44
\multlinetaggap=\skip45
\mathdisplay@stack=\toks20
LaTeX Info: Redefining \[ on input line 2739.
LaTeX Info: Redefining \] on input line 2740.
)
(/usr/local/texlive/2016/texmf-dist/tex/latex/amscls/amsthm.sty
Package: amsthm 2015/03/04 v2.20.2
\thm@style=\toks21
\thm@bodyfont=\toks22
\thm@headfont=\toks23
\thm@notefont=\toks24
\thm@headpunct=\toks25
\thm@preskip=\skip46
\thm@postskip=\skip47
\thm@headsep=\skip48
\dth@everypar=\toks26
)
(/usr/local/texlive/2016/texmf-dist/tex/latex/amsfonts/amsfonts.sty
Package: amsfonts 2013/01/14 v3.01 Basic AMSFonts support
\symAMSa=\mathgroup4
\symAMSb=\mathgroup5
LaTeX Font Info:    Overwriting math alphabet `\mathfrak' in version `bold'
(Font)                  U/euf/m/n --> U/euf/b/n on input line 106.
)
(/usr/local/texlive/2016/texmf-dist/tex/latex/amsfonts/amssymb.sty
Package: amssymb 2013/01/14 v3.01 AMS font symbols
)
(/usr/local/texlive/2016/texmf-dist/tex/latex/mathtools/mathtools.sty
Package: mathtools 2015/11/12 v1.18 mathematical typesetting tools

(/usr/local/texlive/2016/texmf-dist/tex/latex/tools/calc.sty
Package: calc 2014/10/28 v4.3 Infix arithmetic (KKT,FJ)
\calc@Acount=\count102
\calc@Bcount=\count103
\calc@Adimen=\dimen120
\calc@Bdimen=\dimen121
\calc@Askip=\skip49
\calc@Bskip=\skip50
LaTeX Info: Redefining \setlength on input line 80.
LaTeX Info: Redefining \addtolength on input line 81.
\calc@Ccount=\count104
\calc@Cskip=\skip51
)
(/usr/local/texlive/2016/texmf-dist/tex/latex/mathtools/mhsetup.sty
Package: mhsetup 2010/01/21 v1.2a programming setup (MH)
)
LaTeX Info: Thecontrolsequence`\('isalreadyrobust on input line 129.
LaTeX Info: Thecontrolsequence`\)'isalreadyrobust on input line 129.
LaTeX Info: Thecontrolsequence`\['isalreadyrobust on input line 129.
LaTeX Info: Thecontrolsequence`\]'isalreadyrobust on input line 129.
\g_MT_multlinerow_int=\count105
\l_MT_multwidth_dim=\dimen122
\origjot=\skip52
\l_MT_shortvdotswithinadjustabove_dim=\dimen123
\l_MT_shortvdotswithinadjustbelow_dim=\dimen124
\l_MT_above_intertext_sep=\dimen125
\l_MT_below_intertext_sep=\dimen126
\l_MT_above_shortintertext_sep=\dimen127
\l_MT_below_shortintertext_sep=\dimen128
)
(/usr/local/texlive/2016/texmf-dist/tex/latex/wasysym/wasysym.sty
Package: wasysym 2003/10/30 v2.0 Wasy-2 symbol support package
\symwasy=\mathgroup6
LaTeX Font Info:    Overwriting symbol font `wasy' in version `bold'
(Font)                  U/wasy/m/n --> U/wasy/b/n on input line 90.
)
(/usr/local/texlive/2016/texmf-dist/tex/latex/soul/soul.sty
Package: soul 2003/11/17 v2.4 letterspacing/underlining (mf)
\SOUL@word=\toks27
\SOUL@lasttoken=\toks28
\SOUL@cmds=\toks29
\SOUL@buffer=\toks30
\SOUL@token=\toks31
\SOUL@spaceskip=\skip53
\SOUL@ttwidth=\dimen129
\SOUL@uldp=\dimen130
\SOUL@ulht=\dimen131
)
(/usr/local/texlive/2016/texmf-dist/tex/latex/base/fontenc.sty
Package: fontenc 2005/09/27 v1.99g Standard LaTeX package

(/usr/local/texlive/2016/texmf-dist/tex/latex/base/t1enc.def
File: t1enc.def 2005/09/27 v1.99g Standard LaTeX file
LaTeX Font Info:    Redeclaring font encoding T1 on input line 48.
))
(/usr/local/texlive/2016/texmf-dist/tex/latex/ae/ae.sty
Package: ae 2001/02/12 1.3 Almost European Computer Modern

(/usr/local/texlive/2016/texmf-dist/tex/latex/base/fontenc.sty
Package: fontenc 2005/09/27 v1.99g Standard LaTeX package

(/usr/local/texlive/2016/texmf-dist/tex/latex/base/t1enc.def
File: t1enc.def 2005/09/27 v1.99g Standard LaTeX file
LaTeX Font Info:    Redeclaring font encoding T1 on input line 48.
)
LaTeX Font Info:    Try loading font information for T1+aer on input line 105.

(/usr/local/texlive/2016/texmf-dist/tex/latex/ae/t1aer.fd
File: t1aer.fd 1997/11/16 Font definitions for T1/aer.
)))
(/usr/local/texlive/2016/texmf-dist/tex/latex/ae/aecompl.sty
Package: aecompl 1998/07/23 0.9 T1 Complements for AE fonts (D. Roegel)
)
(/usr/local/texlive/2016/texmf-dist/tex/latex/pgf/frontendlayer/tikz.sty
(/usr/local/texlive/2016/texmf-dist/tex/latex/pgf/basiclayer/pgf.sty
(/usr/local/texlive/2016/texmf-dist/tex/latex/pgf/utilities/pgfrcs.sty
(/usr/local/texlive/2016/texmf-dist/tex/generic/pgf/utilities/pgfutil-common.te
x
\pgfutil@everybye=\toks32
\pgfutil@tempdima=\dimen132
\pgfutil@tempdimb=\dimen133

(/usr/local/texlive/2016/texmf-dist/tex/generic/pgf/utilities/pgfutil-common-li
sts.tex))
(/usr/local/texlive/2016/texmf-dist/tex/generic/pgf/utilities/pgfutil-latex.def
\pgfutil@abb=\box28
(/usr/local/texlive/2016/texmf-dist/tex/latex/ms/everyshi.sty
Package: everyshi 2001/05/15 v3.00 EveryShipout Package (MS)
))
(/usr/local/texlive/2016/texmf-dist/tex/generic/pgf/utilities/pgfrcs.code.tex
Package: pgfrcs 2015/08/07 v3.0.1a (rcs-revision 1.31)
))
Package: pgf 2015/08/07 v3.0.1a (rcs-revision 1.15)
(/usr/local/texlive/2016/texmf-dist/tex/latex/pgf/basiclayer/pgfcore.sty
(/usr/local/texlive/2016/texmf-dist/tex/latex/graphics/graphicx.sty
Package: graphicx 2014/10/28 v1.0g Enhanced LaTeX Graphics (DPC,SPQR)

(/usr/local/texlive/2016/texmf-dist/tex/latex/graphics/graphics.sty
Package: graphics 2016/05/09 v1.0r Standard LaTeX Graphics (DPC,SPQR)

(/usr/local/texlive/2016/texmf-dist/tex/latex/graphics/trig.sty
Package: trig 2016/01/03 v1.10 sin cos tan (DPC)
)
(/usr/local/texlive/2016/texmf-dist/tex/latex/graphics-cfg/graphics.cfg
File: graphics.cfg 2016/01/02 v1.10 sample graphics configuration
)
Package graphics Info: Driver file: pdftex.def on input line 96.

(/usr/local/texlive/2016/texmf-dist/tex/latex/pdftex-def/pdftex.def
File: pdftex.def 2011/05/27 v0.06d Graphics/color for pdfTeX

(/usr/local/texlive/2016/texmf-dist/tex/generic/oberdiek/infwarerr.sty
Package: infwarerr 2016/05/16 v1.4 Providing info/warning/error messages (HO)
)
(/usr/local/texlive/2016/texmf-dist/tex/generic/oberdiek/ltxcmds.sty
Package: ltxcmds 2016/05/16 v1.23 LaTeX kernel commands for general use (HO)
)
\Gread@gobject=\count106
))
\Gin@req@height=\dimen134
\Gin@req@width=\dimen135
)
(/usr/local/texlive/2016/texmf-dist/tex/latex/pgf/systemlayer/pgfsys.sty
(/usr/local/texlive/2016/texmf-dist/tex/generic/pgf/systemlayer/pgfsys.code.tex
Package: pgfsys 2014/07/09 v3.0.1a (rcs-revision 1.48)
(/usr/local/texlive/2016/texmf-dist/tex/generic/pgf/utilities/pgfkeys.code.tex
\pgfkeys@pathtoks=\toks33
\pgfkeys@temptoks=\toks34

(/usr/local/texlive/2016/texmf-dist/tex/generic/pgf/utilities/pgfkeysfiltered.c
ode.tex
\pgfkeys@tmptoks=\toks35
))
\pgf@x=\dimen136
\pgf@y=\dimen137
\pgf@xa=\dimen138
\pgf@ya=\dimen139
\pgf@xb=\dimen140
\pgf@yb=\dimen141
\pgf@xc=\dimen142
\pgf@yc=\dimen143
\w@pgf@writea=\write3
\r@pgf@reada=\read1
\c@pgf@counta=\count107
\c@pgf@countb=\count108
\c@pgf@countc=\count109
\c@pgf@countd=\count110
\t@pgf@toka=\toks36
\t@pgf@tokb=\toks37
\t@pgf@tokc=\toks38

(/usr/local/texlive/2016/texmf-dist/tex/generic/pgf/systemlayer/pgf.cfg
File: pgf.cfg 2008/05/14  (rcs-revision 1.7)
)
Driver file for pgf: pgfsys-pdftex.def

(/usr/local/texlive/2016/texmf-dist/tex/generic/pgf/systemlayer/pgfsys-pdftex.d
ef
File: pgfsys-pdftex.def 2014/10/11  (rcs-revision 1.35)

(/usr/local/texlive/2016/texmf-dist/tex/generic/pgf/systemlayer/pgfsys-common-p
df.def
File: pgfsys-common-pdf.def 2013/10/10  (rcs-revision 1.13)
)))
(/usr/local/texlive/2016/texmf-dist/tex/generic/pgf/systemlayer/pgfsyssoftpath.
code.tex
File: pgfsyssoftpath.code.tex 2013/09/09  (rcs-revision 1.9)
\pgfsyssoftpath@smallbuffer@items=\count111
\pgfsyssoftpath@bigbuffer@items=\count112
)
(/usr/local/texlive/2016/texmf-dist/tex/generic/pgf/systemlayer/pgfsysprotocol.
code.tex
File: pgfsysprotocol.code.tex 2006/10/16  (rcs-revision 1.4)
)) (/usr/local/texlive/2016/texmf-dist/tex/latex/xcolor/xcolor.sty
Package: xcolor 2016/05/11 v2.12 LaTeX color extensions (UK)

(/usr/local/texlive/2016/texmf-dist/tex/latex/graphics-cfg/color.cfg
File: color.cfg 2016/01/02 v1.6 sample color configuration
)
Package xcolor Info: Driver file: pdftex.def on input line 225.
Package xcolor Info: Model `cmy' substituted by `cmy0' on input line 1348.
Package xcolor Info: Model `hsb' substituted by `rgb' on input line 1352.
Package xcolor Info: Model `RGB' extended on input line 1364.
Package xcolor Info: Model `HTML' substituted by `rgb' on input line 1366.
Package xcolor Info: Model `Hsb' substituted by `hsb' on input line 1367.
Package xcolor Info: Model `tHsb' substituted by `hsb' on input line 1368.
Package xcolor Info: Model `HSB' substituted by `hsb' on input line 1369.
Package xcolor Info: Model `Gray' substituted by `gray' on input line 1370.
Package xcolor Info: Model `wave' substituted by `hsb' on input line 1371.
)
(/usr/local/texlive/2016/texmf-dist/tex/generic/pgf/basiclayer/pgfcore.code.tex
Package: pgfcore 2010/04/11 v3.0.1a (rcs-revision 1.7)
(/usr/local/texlive/2016/texmf-dist/tex/generic/pgf/math/pgfmath.code.tex
(/usr/local/texlive/2016/texmf-dist/tex/generic/pgf/math/pgfmathcalc.code.tex
(/usr/local/texlive/2016/texmf-dist/tex/generic/pgf/math/pgfmathutil.code.tex)
(/usr/local/texlive/2016/texmf-dist/tex/generic/pgf/math/pgfmathparser.code.tex
\pgfmath@dimen=\dimen144
\pgfmath@count=\count113
\pgfmath@box=\box29
\pgfmath@toks=\toks39
\pgfmath@stack@operand=\toks40
\pgfmath@stack@operation=\toks41
)
(/usr/local/texlive/2016/texmf-dist/tex/generic/pgf/math/pgfmathfunctions.code.
tex
(/usr/local/texlive/2016/texmf-dist/tex/generic/pgf/math/pgfmathfunctions.basic
.code.tex)
(/usr/local/texlive/2016/texmf-dist/tex/generic/pgf/math/pgfmathfunctions.trigo
nometric.code.tex)
(/usr/local/texlive/2016/texmf-dist/tex/generic/pgf/math/pgfmathfunctions.rando
m.code.tex)
(/usr/local/texlive/2016/texmf-dist/tex/generic/pgf/math/pgfmathfunctions.compa
rison.code.tex)
(/usr/local/texlive/2016/texmf-dist/tex/generic/pgf/math/pgfmathfunctions.base.
code.tex)
(/usr/local/texlive/2016/texmf-dist/tex/generic/pgf/math/pgfmathfunctions.round
.code.tex)
(/usr/local/texlive/2016/texmf-dist/tex/generic/pgf/math/pgfmathfunctions.misc.
code.tex)
(/usr/local/texlive/2016/texmf-dist/tex/generic/pgf/math/pgfmathfunctions.integ
erarithmetics.code.tex)))
(/usr/local/texlive/2016/texmf-dist/tex/generic/pgf/math/pgfmathfloat.code.tex
\c@pgfmathroundto@lastzeros=\count114
))
(/usr/local/texlive/2016/texmf-dist/tex/generic/pgf/basiclayer/pgfcorepoints.co
de.tex
File: pgfcorepoints.code.tex 2013/10/07  (rcs-revision 1.27)
\pgf@picminx=\dimen145
\pgf@picmaxx=\dimen146
\pgf@picminy=\dimen147
\pgf@picmaxy=\dimen148
\pgf@pathminx=\dimen149
\pgf@pathmaxx=\dimen150
\pgf@pathminy=\dimen151
\pgf@pathmaxy=\dimen152
\pgf@xx=\dimen153
\pgf@xy=\dimen154
\pgf@yx=\dimen155
\pgf@yy=\dimen156
\pgf@zx=\dimen157
\pgf@zy=\dimen158
)
(/usr/local/texlive/2016/texmf-dist/tex/generic/pgf/basiclayer/pgfcorepathconst
ruct.code.tex
File: pgfcorepathconstruct.code.tex 2013/10/07  (rcs-revision 1.29)
\pgf@path@lastx=\dimen159
\pgf@path@lasty=\dimen160
)
(/usr/local/texlive/2016/texmf-dist/tex/generic/pgf/basiclayer/pgfcorepathusage
.code.tex
File: pgfcorepathusage.code.tex 2014/11/02  (rcs-revision 1.24)
\pgf@shorten@end@additional=\dimen161
\pgf@shorten@start@additional=\dimen162
)
(/usr/local/texlive/2016/texmf-dist/tex/generic/pgf/basiclayer/pgfcorescopes.co
de.tex
File: pgfcorescopes.code.tex 2015/05/08  (rcs-revision 1.46)
\pgfpic=\box30
\pgf@hbox=\box31
\pgf@layerbox@main=\box32
\pgf@picture@serial@count=\count115
)
(/usr/local/texlive/2016/texmf-dist/tex/generic/pgf/basiclayer/pgfcoregraphicst
ate.code.tex
File: pgfcoregraphicstate.code.tex 2014/11/02  (rcs-revision 1.12)
\pgflinewidth=\dimen163
)
(/usr/local/texlive/2016/texmf-dist/tex/generic/pgf/basiclayer/pgfcoretransform
ations.code.tex
File: pgfcoretransformations.code.tex 2015/08/07  (rcs-revision 1.20)
\pgf@pt@x=\dimen164
\pgf@pt@y=\dimen165
\pgf@pt@temp=\dimen166
)
(/usr/local/texlive/2016/texmf-dist/tex/generic/pgf/basiclayer/pgfcorequick.cod
e.tex
File: pgfcorequick.code.tex 2008/10/09  (rcs-revision 1.3)
)
(/usr/local/texlive/2016/texmf-dist/tex/generic/pgf/basiclayer/pgfcoreobjects.c
ode.tex
File: pgfcoreobjects.code.tex 2006/10/11  (rcs-revision 1.2)
)
(/usr/local/texlive/2016/texmf-dist/tex/generic/pgf/basiclayer/pgfcorepathproce
ssing.code.tex
File: pgfcorepathprocessing.code.tex 2013/09/09  (rcs-revision 1.9)
)
(/usr/local/texlive/2016/texmf-dist/tex/generic/pgf/basiclayer/pgfcorearrows.co
de.tex
File: pgfcorearrows.code.tex 2015/05/14  (rcs-revision 1.43)
\pgfarrowsep=\dimen167
)
(/usr/local/texlive/2016/texmf-dist/tex/generic/pgf/basiclayer/pgfcoreshade.cod
e.tex
File: pgfcoreshade.code.tex 2013/07/15  (rcs-revision 1.15)
\pgf@max=\dimen168
\pgf@sys@shading@range@num=\count116
)
(/usr/local/texlive/2016/texmf-dist/tex/generic/pgf/basiclayer/pgfcoreimage.cod
e.tex
File: pgfcoreimage.code.tex 2013/07/15  (rcs-revision 1.18)

(/usr/local/texlive/2016/texmf-dist/tex/generic/pgf/basiclayer/pgfcoreexternal.
code.tex
File: pgfcoreexternal.code.tex 2014/07/09  (rcs-revision 1.21)
\pgfexternal@startupbox=\box33
))
(/usr/local/texlive/2016/texmf-dist/tex/generic/pgf/basiclayer/pgfcorelayers.co
de.tex
File: pgfcorelayers.code.tex 2013/07/18  (rcs-revision 1.7)
)
(/usr/local/texlive/2016/texmf-dist/tex/generic/pgf/basiclayer/pgfcoretranspare
ncy.code.tex
File: pgfcoretransparency.code.tex 2013/09/30  (rcs-revision 1.5)
)
(/usr/local/texlive/2016/texmf-dist/tex/generic/pgf/basiclayer/pgfcorepatterns.
code.tex
File: pgfcorepatterns.code.tex 2013/11/07  (rcs-revision 1.5)
)))
(/usr/local/texlive/2016/texmf-dist/tex/generic/pgf/modules/pgfmoduleshapes.cod
e.tex
File: pgfmoduleshapes.code.tex 2014/03/21  (rcs-revision 1.35)
\pgfnodeparttextbox=\box34
)
(/usr/local/texlive/2016/texmf-dist/tex/generic/pgf/modules/pgfmoduleplot.code.
tex
File: pgfmoduleplot.code.tex 2015/08/03  (rcs-revision 1.13)
)
(/usr/local/texlive/2016/texmf-dist/tex/latex/pgf/compatibility/pgfcomp-version
-0-65.sty
Package: pgfcomp-version-0-65 2007/07/03 v3.0.1a (rcs-revision 1.7)
\pgf@nodesepstart=\dimen169
\pgf@nodesepend=\dimen170
)
(/usr/local/texlive/2016/texmf-dist/tex/latex/pgf/compatibility/pgfcomp-version
-1-18.sty
Package: pgfcomp-version-1-18 2007/07/23 v3.0.1a (rcs-revision 1.1)
))
(/usr/local/texlive/2016/texmf-dist/tex/latex/pgf/utilities/pgffor.sty
(/usr/local/texlive/2016/texmf-dist/tex/latex/pgf/utilities/pgfkeys.sty
(/usr/local/texlive/2016/texmf-dist/tex/generic/pgf/utilities/pgfkeys.code.tex)
) (/usr/local/texlive/2016/texmf-dist/tex/latex/pgf/math/pgfmath.sty
(/usr/local/texlive/2016/texmf-dist/tex/generic/pgf/math/pgfmath.code.tex))
(/usr/local/texlive/2016/texmf-dist/tex/generic/pgf/utilities/pgffor.code.tex
Package: pgffor 2013/12/13 v3.0.1a (rcs-revision 1.25)

(/usr/local/texlive/2016/texmf-dist/tex/generic/pgf/math/pgfmath.code.tex)
\pgffor@iter=\dimen171
\pgffor@skip=\dimen172
\pgffor@stack=\toks42
\pgffor@toks=\toks43
))
(/usr/local/texlive/2016/texmf-dist/tex/generic/pgf/frontendlayer/tikz/tikz.cod
e.tex
Package: tikz 2015/08/07 v3.0.1a (rcs-revision 1.151)

(/usr/local/texlive/2016/texmf-dist/tex/generic/pgf/libraries/pgflibraryplothan
dlers.code.tex
File: pgflibraryplothandlers.code.tex 2013/08/31 v3.0.1a (rcs-revision 1.20)
\pgf@plot@mark@count=\count117
\pgfplotmarksize=\dimen173
)
\tikz@lastx=\dimen174
\tikz@lasty=\dimen175
\tikz@lastxsaved=\dimen176
\tikz@lastysaved=\dimen177
\tikzleveldistance=\dimen178
\tikzsiblingdistance=\dimen179
\tikz@figbox=\box35
\tikz@figbox@bg=\box36
\tikz@tempbox=\box37
\tikz@tempbox@bg=\box38
\tikztreelevel=\count118
\tikznumberofchildren=\count119
\tikznumberofcurrentchild=\count120
\tikz@fig@count=\count121

(/usr/local/texlive/2016/texmf-dist/tex/generic/pgf/modules/pgfmodulematrix.cod
e.tex
File: pgfmodulematrix.code.tex 2013/09/17  (rcs-revision 1.8)
\pgfmatrixcurrentrow=\count122
\pgfmatrixcurrentcolumn=\count123
\pgf@matrix@numberofcolumns=\count124
)
\tikz@expandcount=\count125

(/usr/local/texlive/2016/texmf-dist/tex/generic/pgf/frontendlayer/tikz/librarie
s/tikzlibrarytopaths.code.tex
File: tikzlibrarytopaths.code.tex 2008/06/17 v3.0.1a (rcs-revision 1.2)
)))
(/usr/local/texlive/2016/texmf-dist/tex/latex/algorithm2e/algorithm2e.sty
Package: algorithm2e 2013/01/06 v5.00 algorithms environments
\c@AlgoLine=\count126

(/usr/local/texlive/2016/texmf-dist/tex/latex/base/ifthen.sty
Package: ifthen 2014/09/29 v1.1c Standard LaTeX ifthen package (DPC)
)
\algocf@hangindent=\skip54

(/usr/local/texlive/2016/texmf-dist/tex/latex/tools/xspace.sty
Package: xspace 2014/10/28 v1.13 Space after command names (DPC,MH)
)
(/usr/local/texlive/2016/texmf-dist/tex/latex/relsize/relsize.sty
Package: relsize 2013/03/29 ver 4.1
)
********************************************************
Package `algorithm2e' Release 5.1 -- october 19 2015 --
- algorithm2e-announce@lirmm.fr mailing list for announcement about releases
- algorithm2e-discussion@lirmm.fr mailing list for discussion about package
subscribe by emailing sympa@lirmm.fr with 'subscribe <list> <firstname name>'
- Author: Christophe Fiorio (christophe.fiorio@umontpellier.fr)
********************************************************
\skiptotal=\skip55
\skiplinenumber=\skip56
\skiprule=\skip57
\skiphlne=\skip58
\skiptext=\skip59
\skiplength=\skip60
\algomargin=\skip61
\skipalgocfslide=\skip62
\algowidth=\dimen180
\inoutsize=\dimen181
\inoutindent=\dimen182
\interspacetitleruled=\dimen183
\interspacealgoruled=\dimen184
\interspacetitleboxruled=\dimen185
\algocf@ruledwidth=\skip63
\algocf@inoutbox=\box39
\algocf@inputbox=\box40
\AlCapSkip=\skip64
\AlCapHSkip=\skip65
\algoskipindent=\skip66
\algocf@nlbox=\box41
\algocf@hangingbox=\box42
\algocf@untilbox=\box43
\algocf@skipuntil=\skip67
\algocf@capbox=\box44
\algoheightruledefault=\skip68
\algoheightrule=\skip69
\algotitleheightruledefault=\skip70
\algotitleheightrule=\skip71
\c@algocfline=\count127
\c@algocfproc=\count128
\c@algocf=\count129
\algocf@algoframe=\box45
\algocf@algobox=\box46
) (/usr/local/texlive/2016/texmf-dist/tex/latex/tools/enumerate.sty
Package: enumerate 2015/07/23 v3.00 enumerate extensions (DPC)
\@enLab=\toks44
)
(/usr/local/texlive/2016/texmf-dist/tex/latex/hyperref/hyperref.sty
Package: hyperref 2016/05/05 v6.83n Hypertext links for LaTeX

(/usr/local/texlive/2016/texmf-dist/tex/generic/oberdiek/hobsub-hyperref.sty
Package: hobsub-hyperref 2016/05/16 v1.14 Bundle oberdiek, subset hyperref (HO)


(/usr/local/texlive/2016/texmf-dist/tex/generic/oberdiek/hobsub-generic.sty
Package: hobsub-generic 2016/05/16 v1.14 Bundle oberdiek, subset generic (HO)
Package: hobsub 2016/05/16 v1.14 Construct package bundles (HO)
Package hobsub Info: Skipping package `infwarerr' (already loaded).
Package hobsub Info: Skipping package `ltxcmds' (already loaded).
Package: ifluatex 2016/05/16 v1.4 Provides the ifluatex switch (HO)
Package ifluatex Info: LuaTeX not detected.
Package hobsub Info: Skipping package `ifvtex' (already loaded).
Package: intcalc 2016/05/16 v1.2 Expandable calculations with integers (HO)
Package hobsub Info: Skipping package `ifpdf' (already loaded).
Package: etexcmds 2016/05/16 v1.6 Avoid name clashes with e-TeX commands (HO)
Package etexcmds Info: Could not find \expanded.
(etexcmds)             That can mean that you are not using pdfTeX 1.50 or
(etexcmds)             that some package has redefined \expanded.
(etexcmds)             In the latter case, load this package earlier.
Package: kvsetkeys 2016/05/16 v1.17 Key value parser (HO)
Package: kvdefinekeys 2016/05/16 v1.4 Define keys (HO)
Package: pdftexcmds 2016/05/10 v0.21 Utility functions of pdfTeX for LuaTeX (HO
)
Package pdftexcmds Info: LuaTeX not detected.
Package pdftexcmds Info: \pdf@primitive is available.
Package pdftexcmds Info: \pdf@ifprimitive is available.
Package pdftexcmds Info: \pdfdraftmode found.
Package: pdfescape 2016/05/16 v1.14 Implements pdfTeX's escape features (HO)
Package: bigintcalc 2016/05/16 v1.4 Expandable calculations on big integers (HO
)
Package: bitset 2016/05/16 v1.2 Handle bit-vector datatype (HO)
Package: uniquecounter 2016/05/16 v1.3 Provide unlimited unique counter (HO)
)
Package hobsub Info: Skipping package `hobsub' (already loaded).
Package: letltxmacro 2016/05/16 v1.5 Let assignment for LaTeX macros (HO)
Package: hopatch 2016/05/16 v1.3 Wrapper for package hooks (HO)
Package: xcolor-patch 2016/05/16 xcolor patch
Package: atveryend 2016/05/16 v1.9 Hooks at the very end of document (HO)
Package atveryend Info: \enddocument detected (standard20110627).
Package: atbegshi 2016/05/16 v1.17 At begin shipout hook (HO)
Package: refcount 2016/05/16 v3.5 Data extraction from label references (HO)
Package: hycolor 2016/05/16 v1.8 Color options for hyperref/bookmark (HO)
)
(/usr/local/texlive/2016/texmf-dist/tex/latex/oberdiek/auxhook.sty
Package: auxhook 2016/05/16 v1.4 Hooks for auxiliary files (HO)
)
(/usr/local/texlive/2016/texmf-dist/tex/latex/oberdiek/kvoptions.sty
Package: kvoptions 2016/05/16 v3.12 Key value format for package options (HO)
)
\@linkdim=\dimen186
\Hy@linkcounter=\count130
\Hy@pagecounter=\count131

(/usr/local/texlive/2016/texmf-dist/tex/latex/hyperref/pd1enc.def
File: pd1enc.def 2016/05/05 v6.83n Hyperref: PDFDocEncoding definition (HO)
)
\Hy@SavedSpaceFactor=\count132

(/usr/local/texlive/2016/texmf-dist/tex/latex/latexconfig/hyperref.cfg
File: hyperref.cfg 2002/06/06 v1.2 hyperref configuration of TeXLive
)
Package hyperref Info: Hyper figures OFF on input line 4446.
Package hyperref Info: Link nesting OFF on input line 4451.
Package hyperref Info: Hyper index ON on input line 4454.
Package hyperref Info: Plain pages OFF on input line 4461.
Package hyperref Info: Backreferencing OFF on input line 4466.
Package hyperref Info: Implicit mode ON; LaTeX internals redefined.
Package hyperref Info: Bookmarks ON on input line 4691.
\c@Hy@tempcnt=\count133

(/usr/local/texlive/2016/texmf-dist/tex/latex/url/url.sty
\Urlmuskip=\muskip11
Package: url 2013/09/16  ver 3.4  Verb mode for urls, etc.
)
LaTeX Info: Redefining \url on input line 5044.
\XeTeXLinkMargin=\dimen187
\Fld@menulength=\count134
\Field@Width=\dimen188
\Fld@charsize=\dimen189
Package hyperref Info: Hyper figures OFF on input line 6298.
Package hyperref Info: Link nesting OFF on input line 6303.
Package hyperref Info: Hyper index ON on input line 6306.
Package hyperref Info: backreferencing OFF on input line 6313.
Package hyperref Info: Link coloring OFF on input line 6318.
Package hyperref Info: Link coloring with OCG OFF on input line 6323.
Package hyperref Info: PDF/A mode OFF on input line 6328.
LaTeX Info: Redefining \ref on input line 6368.
LaTeX Info: Redefining \pageref on input line 6372.
\Hy@abspage=\count135
\c@Item=\count136
\c@Hfootnote=\count137
)

Package hyperref Message: Driver: hpdftex.

(/usr/local/texlive/2016/texmf-dist/tex/latex/hyperref/hpdftex.def
File: hpdftex.def 2016/05/05 v6.83n Hyperref driver for pdfTeX
\Fld@listcount=\count138
\c@bookmark@seq@number=\count139

(/usr/local/texlive/2016/texmf-dist/tex/latex/oberdiek/rerunfilecheck.sty
Package: rerunfilecheck 2016/05/16 v1.8 Rerun checks for auxiliary files (HO)
Package uniquecounter Info: New unique counter `rerunfilecheck' on input line 2
82.
)
\Hy@SectionHShift=\skip72
)
(/usr/local/texlive/2016/texmf-dist/tex/latex/cleveref/cleveref.sty
Package: cleveref 2013/12/28 v0.19 Intelligent cross-referencing
Package cleveref Info: `hyperref' support loaded on input line 2230.
LaTeX Info: Redefining \cref on input line 2230.
LaTeX Info: Redefining \Cref on input line 2230.
LaTeX Info: Redefining \crefrange on input line 2230.
LaTeX Info: Redefining \Crefrange on input line 2230.
LaTeX Info: Redefining \cpageref on input line 2230.
LaTeX Info: Redefining \Cpageref on input line 2230.
LaTeX Info: Redefining \cpagerefrange on input line 2230.
LaTeX Info: Redefining \Cpagerefrange on input line 2230.
LaTeX Info: Redefining \labelcref on input line 2230.
LaTeX Info: Redefining \labelcpageref on input line 2230.
Package cleveref Info: `amsthm' support loaded on input line 2858.
Package cleveref Info: `algorithm2e' support loaded on input line 2966.
)
\c@problem=\count140
\c@ex=\count141
Package hyperref Info: Option `colorlinks' set `true' on input line 56.

(./math.aux)
\openout1 = `math.aux'.

LaTeX Font Info:    Checking defaults for OML/cmm/m/it on input line 70.
LaTeX Font Info:    ... okay on input line 70.
LaTeX Font Info:    Checking defaults for T1/cmr/m/n on input line 70.
LaTeX Font Info:    ... okay on input line 70.
LaTeX Font Info:    Checking defaults for OT1/cmr/m/n on input line 70.
LaTeX Font Info:    ... okay on input line 70.
LaTeX Font Info:    Checking defaults for OMS/cmsy/m/n on input line 70.
LaTeX Font Info:    ... okay on input line 70.
LaTeX Font Info:    Checking defaults for OMX/cmex/m/n on input line 70.
LaTeX Font Info:    ... okay on input line 70.
LaTeX Font Info:    Checking defaults for U/cmr/m/n on input line 70.
LaTeX Font Info:    ... okay on input line 70.
LaTeX Font Info:    Checking defaults for PD1/pdf/m/n on input line 70.
LaTeX Font Info:    ... okay on input line 70.

*geometry* driver: auto-detecting
*geometry* detected driver: pdftex
*geometry* verbose mode - [ preamble ] result:
* driver: pdftex
* paper: <default>
* layout: <same size as paper>
* layoutoffset:(h,v)=(0.0pt,0.0pt)
* modes: 
* h-part:(L,W,R)=(108.405pt, 397.485pt, 108.405pt)
* v-part:(T,H,B)=(108.405pt, 578.15999pt, 108.405pt)
* \paperwidth=614.295pt
* \paperheight=794.96999pt
* \textwidth=397.485pt
* \textheight=578.15999pt
* \oddsidemargin=36.13501pt
* \evensidemargin=36.13501pt
* \topmargin=-0.86499pt
* \headheight=12.0pt
* \headsep=25.0pt
* \topskip=10.0pt
* \footskip=30.0pt
* \marginparwidth=108.405pt
* \marginparsep=11.0pt
* \columnsep=10.0pt
* \skip\footins=9.0pt plus 4.0pt minus 2.0pt
* \hoffset=0.0pt
* \voffset=0.0pt
* \mag=1000
* \@twocolumnfalse
* \@twosidefalse
* \@mparswitchfalse
* \@reversemarginfalse
* (1in=72.27pt=25.4mm, 1cm=28.453pt)

ABD: EveryShipout initializing macros
(/usr/local/texlive/2016/texmf-dist/tex/context/base/mkii/supp-pdf.mkii
[Loading MPS to PDF converter (version 2006.09.02).]
\scratchcounter=\count142
\scratchdimen=\dimen190
\scratchbox=\box47
\nofMPsegments=\count143
\nofMParguments=\count144
\everyMPshowfont=\toks45
\MPscratchCnt=\count145
\MPscratchDim=\dimen191
\MPnumerator=\count146
\makeMPintoPDFobject=\count147
\everyMPtoPDFconversion=\toks46
) (/usr/local/texlive/2016/texmf-dist/tex/latex/oberdiek/epstopdf-base.sty
Package: epstopdf-base 2016/05/15 v2.6 Base part for package epstopdf

(/usr/local/texlive/2016/texmf-dist/tex/latex/oberdiek/grfext.sty
Package: grfext 2016/05/16 v1.2 Manage graphics extensions (HO)
)
Package grfext Info: Graphics extension search list:
(grfext)             [.png,.pdf,.jpg,.mps,.jpeg,.jbig2,.jb2,.PNG,.PDF,.JPG,.JPE
G,.JBIG2,.JB2,.eps]
(grfext)             \AppendGraphicsExtensions on input line 456.

(/usr/local/texlive/2016/texmf-dist/tex/latex/latexconfig/epstopdf-sys.cfg
File: epstopdf-sys.cfg 2010/07/13 v1.3 Configuration of (r)epstopdf for TeX Liv
e
))
\AtBeginShipoutBox=\box48
Package hyperref Info: Link coloring ON on input line 70.

(/usr/local/texlive/2016/texmf-dist/tex/latex/hyperref/nameref.sty
Package: nameref 2012/10/27 v2.43 Cross-referencing by name of section

(/usr/local/texlive/2016/texmf-dist/tex/generic/oberdiek/gettitlestring.sty
Package: gettitlestring 2016/05/16 v1.5 Cleanup title references (HO)
)
\c@section@level=\count148
)
LaTeX Info: Redefining \ref on input line 70.
LaTeX Info: Redefining \pageref on input line 70.
LaTeX Info: Redefining \nameref on input line 70.

(./math.out) (./math.out)
\@outlinefile=\write4
\openout4 = `math.out'.

LaTeX Font Info:    Try loading font information for U+msa on input line 76.

(/usr/local/texlive/2016/texmf-dist/tex/latex/amsfonts/umsa.fd
File: umsa.fd 2013/01/14 v3.01 AMS symbols A
)
LaTeX Font Info:    Try loading font information for U+msb on input line 76.

(/usr/local/texlive/2016/texmf-dist/tex/latex/amsfonts/umsb.fd
File: umsb.fd 2013/01/14 v3.01 AMS symbols B
)
LaTeX Font Info:    Try loading font information for U+wasy on input line 76.

(/usr/local/texlive/2016/texmf-dist/tex/latex/wasysym/uwasy.fd
File: uwasy.fd 2003/10/30 v2.0 Wasy-2 symbol font definitions
)

Package hyperref Warning: Ignoring empty anchor on input line 76.

[1

{/usr/local/texlive/2016/texmf-var/fonts/map/pdftex/updmap/pdftex.map}]
(./math.toc [2])
\tf@toc=\write5
\openout5 = `math.toc'.

 [3]
Underfull \hbox (badness 10000) in paragraph at lines 116--124

 []


Underfull \hbox (badness 10000) in paragraph at lines 132--140

 []

[4]
Underfull \hbox (badness 10000) in paragraph at lines 186--189

 []


Underfull \hbox (badness 10000) in paragraph at lines 195--198

 []


Underfull \hbox (badness 10000) in paragraph at lines 207--211

 []

[5]
Underfull \hbox (badness 10000) in paragraph at lines 278--281

 []

[6]
Underfull \hbox (badness 10000) in paragraph at lines 284--286

 []


Underfull \hbox (badness 10000) in paragraph at lines 284--286

 []


Underfull \hbox (badness 10000) in paragraph at lines 303--306

 []

[7]
Underfull \hbox (badness 10000) in paragraph at lines 346--353

 []


Underfull \hbox (badness 10000) in paragraph at lines 346--353

 []


Underfull \hbox (badness 10000) in paragraph at lines 346--353

 []


Underfull \hbox (badness 10000) in paragraph at lines 380--383

 []

[8] [9] [10]
Underfull \hbox (badness 10000) in paragraph at lines 497--500

 []

[11]
Underfull \hbox (badness 10000) in paragraph at lines 582--585

 []


Underfull \hbox (badness 10000) in paragraph at lines 588--591

 []

[12]
Underfull \hbox (badness 10000) in paragraph at lines 603--606

 []


Overfull \hbox (54.96085pt too wide) in paragraph at lines 635--636
[][]\T1/aer/bx/n/10 Example 3.13. []\T1/aer/m/n/10 Let $\OML/cmm/m/it/10 A \OT1
/cmr/m/n/10 = []1\OML/cmm/m/it/10 ; \OT1/cmr/m/n/10 2\OML/cmm/m/it/10 ; \OT1/cm
r/m/n/10 3[]$ \T1/aer/m/n/10 and $\OML/cmm/m/it/10 B \OT1/cmr/m/n/10 = []\OML/c
mm/m/it/10 x; y[]$\T1/aer/m/n/10 . Then $\OML/cmm/m/it/10 A \OMS/cmsy/m/n/10 ^^
B \OML/cmm/m/it/10 B \OT1/cmr/m/n/10 = [](1\OML/cmm/m/it/10 ; x\OT1/cmr/m/n/10 
)\OML/cmm/m/it/10 ; \OT1/cmr/m/n/10 (2\OML/cmm/m/it/10 ; x\OT1/cmr/m/n/10 )\OML
/cmm/m/it/10 ; \OT1/cmr/m/n/10 (3\OML/cmm/m/it/10 ; x\OT1/cmr/m/n/10 )\OML/cmm/
m/it/10 ; \OT1/cmr/m/n/10 (1\OML/cmm/m/it/10 ; y\OT1/cmr/m/n/10 )\OML/cmm/m/it/
10 ; \OT1/cmr/m/n/10 (2\OML/cmm/m/it/10 ; y\OT1/cmr/m/n/10 )\OML/cmm/m/it/10 ; 
\OT1/cmr/m/n/10 (3\OML/cmm/m/it/10 ; y\OT1/cmr/m/n/10 )[]$\T1/aer/m/n/10 . 
 []

[13]
Overfull \hbox (46.0812pt too wide) in paragraph at lines 672--675
\T1/aer/m/n/10 Let $\OML/cmm/m/it/10 S \OT1/cmr/m/n/10 = \OML/cmm/m/it/10 A \OM
S/cmsy/m/n/10 ^^B \OML/cmm/m/it/10 B \OT1/cmr/m/n/10 = []([]\OML/cmm/m/it/10 r[
]; []G[]\OT1/cmr/m/n/10 )\OML/cmm/m/it/10 ; \OT1/cmr/m/n/10 ([]\OML/cmm/m/it/10
 R[]; []G[]\OT1/cmr/m/n/10 )\OML/cmm/m/it/10 ; \OT1/cmr/m/n/10 ([]\OML/cmm/m/it
/10 r; R[]; []G[]\OT1/cmr/m/n/10 )\OML/cmm/m/it/10 ; \OT1/cmr/m/n/10 ([]\OML/cm
m/m/it/10 r[]; []G; G[]\OT1/cmr/m/n/10 )\OML/cmm/m/it/10 ; \OT1/cmr/m/n/10 ([]\
OML/cmm/m/it/10 R[]; []G; G[]\OT1/cmr/m/n/10 )\OML/cmm/m/it/10 ; \OT1/cmr/m/n/1
0 ([]\OML/cmm/m/it/10 r; R[]; []G; G[]\OT1/cmr/m/n/10 )[]$\T1/aer/m/n/10 .
 []


Underfull \hbox (badness 10000) in paragraph at lines 672--675

 []


Underfull \hbox (badness 10000) in paragraph at lines 680--684

 []

[14]
Underfull \hbox (badness 10000) in paragraph at lines 700--705

 []


Underfull \hbox (badness 10000) in paragraph at lines 700--705

 []

LaTeX Font Info:    Try loading font information for OMS+aer on input line 727.

(/usr/local/texlive/2016/texmf-dist/tex/latex/ae/omsaer.fd
File: omsaer.fd 1999/12/27
)
LaTeX Font Info:    Font shape `OMS/aer/m/n' in size <10> not available
(Font)              Font shape `OMS/cmsy/m/n' tried instead on input line 727.
 [15]
Underfull \hbox (badness 10000) in paragraph at lines 755--758

 []

[16]
Underfull \hbox (badness 10000) in paragraph at lines 806--809

 []

[17] [18]
Underfull \hbox (badness 10000) in paragraph at lines 856--859

 []


Underfull \hbox (badness 10000) in paragraph at lines 861--866

 []

pdfTeX warning (ext4): destination with the same identifier (name{equation.3.1}
) has been already used, duplicate ignored
<to be read again> 
                   \relax 
l.872 					\end{align}
                      pdfTeX warning (ext4): destination with the same identifi
er (name{equation.3.2}) has been already used, duplicate ignored
<to be read again> 
                   \relax 
l.872 					\end{align}
                      pdfTeX warning (ext4): destination with the same identifi
er (name{equation.3.3}) has been already used, duplicate ignored
<to be read again> 
                   \relax 
l.872 					\end{align}
                      pdfTeX warning (ext4): destination with the same identifi
er (name{equation.3.4}) has been already used, duplicate ignored
<to be read again> 
                   \relax 
l.872 					\end{align}
                      
Underfull \hbox (badness 10000) in paragraph at lines 874--878

 []

pdfTeX warning (ext4): destination with the same identifier (name{equation.3.1}
) has been already used, duplicate ignored
<to be read again> 
                   \relax 
l.886 					\end{align}
                      pdfTeX warning (ext4): destination with the same identifi
er (name{equation.3.2}) has been already used, duplicate ignored
<to be read again> 
                   \relax 
l.886 					\end{align}
                      pdfTeX warning (ext4): destination with the same identifi
er (name{equation.3.3}) has been already used, duplicate ignored
<to be read again> 
                   \relax 
l.886 					\end{align}
                      pdfTeX warning (ext4): destination with the same identifi
er (name{equation.3.4}) has been already used, duplicate ignored
<to be read again> 
                   \relax 
l.886 					\end{align}
                      
Underfull \hbox (badness 10000) in paragraph at lines 888--892

 []


Underfull \hbox (badness 10000) in paragraph at lines 888--892

 []


Underfull \hbox (badness 10000) in paragraph at lines 888--892

 []

[19pdfTeX warning (ext4): destination with the same identifier (name{equation.3
.5}) has been already used, duplicate ignored

\@EveryShipout@Output ...@Org@Shipout \box \@cclv 
                                                  
l.892 					\begin{align*}
                         ]
Overfull \hbox (90.2263pt too wide) in paragraph at lines 897--897
[] 
 []


Underfull \hbox (badness 10000) in paragraph at lines 921--924

 []


Underfull \hbox (badness 10000) in paragraph at lines 934--940

 []


Underfull \hbox (badness 10000) in paragraph at lines 934--940

 []

[20]
Underfull \hbox (badness 10000) in paragraph at lines 972--975

 []


Underfull \hbox (badness 10000) in paragraph at lines 999--1002

 []

[21]
Overfull \hbox (89.37048pt too wide) in paragraph at lines 1008--1009
\T1/aer/m/n/10 quence of ones (of any non-zero length other than length 2), re-
peated: $\OT1/cmr/m/n/10 [[]0\OML/cmm/m/it/10 ; \OT1/cmr/m/n/10 000\OML/cmm/m/i
t/10 ; \OT1/cmr/m/n/10 0000\OML/cmm/m/it/10 ; [][][]\OT1/cmr/m/n/10 1\OML/cmm/m
/it/10 ; \OT1/cmr/m/n/10 111\OML/cmm/m/it/10 ; \OT1/cmr/m/n/10 1111\OML/cmm/m/i
t/10 ; [][]\OT1/cmr/m/n/10 ][]$\T1/aer/m/n/10 . 
 []


Underfull \hbox (badness 10000) in paragraph at lines 1016--1019

 []


Underfull \hbox (badness 10000) in paragraph at lines 1024--1027

 []


Overfull \hbox (37.80554pt too wide) in paragraph at lines 1030--1032
\T1/aer/m/n/10 Therefore, in this case, $\OML/cmm/m/it/10 ^^^[]\OT1/cmr/m/n/10 
(\OML/cmm/m/it/10 x\OT1/cmr/m/n/10 ) \OMS/cmsy/m/n/10 6\OT1/cmr/m/n/10 = \OML/c
mm/m/it/10 ^^^[]\OT1/cmr/m/n/10 (\OML/cmm/m/it/10 x\OT1/cmr/m/n/10 ) \OMS/cmsy/
m/n/10 ^^A \OML/cmm/m/it/10 ^^^[]\OT1/cmr/m/n/10 (\OML/cmm/m/it/10 x\OT1/cmr/m/
n/10 )$\T1/aer/m/n/10 . Why is this? $\OML/cmm/m/it/10 A \OMS/cmsy/m/n/10 ^^B \
OML/cmm/m/it/10 B \OT1/cmr/m/n/10 = [](0\OML/cmm/m/it/10 ; \OT1/cmr/m/n/10 0)\O
ML/cmm/m/it/10 ; \OT1/cmr/m/n/10 (01\OML/cmm/m/it/10 ; \OT1/cmr/m/n/10 0)\OML/c
mm/m/it/10 ; \OT1/cmr/m/n/10 (0\OML/cmm/m/it/10 ; \OT1/cmr/m/n/10 10)\OML/cmm/m
/it/10 ; \OT1/cmr/m/n/10 (01\OML/cmm/m/it/10 ; \OT1/cmr/m/n/10 10)[]$\T1/aer/m/
n/10 .
 []


Underfull \hbox (badness 10000) in paragraph at lines 1042--1045

 []


Underfull \hbox (badness 10000) in paragraph at lines 1051--1057

 []


Underfull \hbox (badness 10000) in paragraph at lines 1051--1057

 []

[22] [23]
Underfull \hbox (badness 10000) in paragraph at lines 1103--1106

 []

[24]
Underfull \hbox (badness 10000) in paragraph at lines 1151--1154

 []


Underfull \hbox (badness 10000) in paragraph at lines 1164--1171

 []


Underfull \hbox (badness 10000) in paragraph at lines 1164--1171

 []


Underfull \hbox (badness 10000) in paragraph at lines 1164--1171

 []

[25]
Underfull \hbox (badness 10000) in paragraph at lines 1179--1183

 []


Underfull \hbox (badness 10000) in paragraph at lines 1188--1193

 []


Underfull \hbox (badness 10000) in paragraph at lines 1188--1193

 []


Underfull \hbox (badness 10000) in paragraph at lines 1198--1215

 []


Underfull \hbox (badness 10000) in paragraph at lines 1198--1215

 []


Underfull \hbox (badness 10000) in paragraph at lines 1198--1215

 []


Underfull \hbox (badness 10000) in paragraph at lines 1198--1215

 []


Underfull \hbox (badness 10000) in paragraph at lines 1198--1215

 []


Underfull \hbox (badness 10000) in paragraph at lines 1198--1215

 []


Underfull \hbox (badness 10000) in paragraph at lines 1198--1215

 []


Underfull \hbox (badness 10000) in paragraph at lines 1198--1215

 []

[26]
Underfull \hbox (badness 10000) in paragraph at lines 1223--1232

 []


Underfull \hbox (badness 10000) in paragraph at lines 1223--1232

 []


Underfull \hbox (badness 10000) in paragraph at lines 1223--1232

 []


Underfull \hbox (badness 10000) in paragraph at lines 1223--1232

 []


Underfull \hbox (badness 10000) in paragraph at lines 1242--1251

 []


Underfull \hbox (badness 10000) in paragraph at lines 1242--1251

 []


Underfull \hbox (badness 10000) in paragraph at lines 1242--1251

 []


Underfull \hbox (badness 10000) in paragraph at lines 1242--1251

 []

[27]
Underfull \hbox (badness 10000) in paragraph at lines 1255--1258

 []


Underfull \hbox (badness 10000) in paragraph at lines 1281--1284

 []

[28] [29]
Underfull \hbox (badness 10000) in paragraph at lines 1336--1339

 []


Underfull \hbox (badness 10000) in paragraph at lines 1348--1351

 []


Underfull \hbox (badness 10000) in paragraph at lines 1377--1382

 []


Underfull \hbox (badness 10000) in paragraph at lines 1377--1382

 []

[30]
Underfull \hbox (badness 10000) in paragraph at lines 1388--1391

 []

[31]
Underfull \hbox (badness 10000) in paragraph at lines 1437--1440

 []


Underfull \hbox (badness 10000) in paragraph at lines 1465--1468

 []


Underfull \hbox (badness 10000) in paragraph at lines 1478--1481

 []

[32]
Underfull \hbox (badness 10000) in paragraph at lines 1486--1489

 []


Underfull \hbox (badness 10000) in paragraph at lines 1509--1512

 []


Underfull \hbox (badness 10000) in paragraph at lines 1517--1520

 []


Underfull \hbox (badness 10000) in paragraph at lines 1532--1535

 []

[33]
Underfull \hbox (badness 10000) in paragraph at lines 1547--1550

 []


Underfull \hbox (badness 10000) in paragraph at lines 1559--1560

 []


Underfull \hbox (badness 10000) in paragraph at lines 1563--1568

 []


Underfull \hbox (badness 10000) in paragraph at lines 1563--1568

 []

[34]
Underfull \hbox (badness 10000) in paragraph at lines 1625--1628

 []


Underfull \hbox (badness 10000) in paragraph at lines 1664--1667

 []

[35]
Underfull \hbox (badness 10000) in paragraph at lines 1719--1722

 []

[36]
Underfull \hbox (badness 10000) in paragraph at lines 1749--1752

 []


Underfull \hbox (badness 10000) in paragraph at lines 1759--1764

 []


Underfull \hbox (badness 10000) in paragraph at lines 1759--1764

 []

[37] [38]

LaTeX Font Warning: Font shape `U/wasy/b/n' in size <7> not available
(Font)              Font shape `U/wasy/m/n' tried instead on input line 1916.


LaTeX Font Warning: Font shape `U/wasy/b/n' in size <5> not available
(Font)              Font shape `U/wasy/m/n' tried instead on input line 1916.

[39] [40]
Underfull \hbox (badness 10000) in paragraph at lines 2025--2030

 []


Underfull \hbox (badness 10000) in paragraph at lines 2025--2030

 []


Overfull \hbox (32.11092pt too wide) in paragraph at lines 2067--2068
[]\T1/aer/bx/n/10 Definition. []\T1/aer/m/n/10 A \T1/aer/bx/n/10 walk $\OML/cmm
/m/it/10 W$ \T1/aer/m/n/10 on graph $\OML/cmm/m/it/10 G \OT1/cmr/m/n/10 = (\OML
/cmm/m/it/10 V; E\OT1/cmr/m/n/10 )$ \T1/aer/m/n/10 from $\OML/cmm/m/it/10 v[]$ 
\T1/aer/m/n/10 to $\OML/cmm/m/it/10 v[]$ \T1/aer/m/n/10 is a se-quence $\OML/cm
m/m/it/10 v[]e[]v[]e[]v[]e[]v[] [] v[]e[]v[]$
 []

[41] [42] [43] [44] [45]
Missing character: There is no ; in font nullfont!

Underfull \hbox (badness 10000) in paragraph at lines 2446--2449

 []

[46]
Underfull \hbox (badness 10000) in paragraph at lines 2500--2503

 []


Underfull \hbox (badness 10000) in paragraph at lines 2506--2509

 []

[47]
Underfull \hbox (badness 10000) in paragraph at lines 2540--2549

 []


Underfull \hbox (badness 10000) in paragraph at lines 2540--2549

 []


Underfull \hbox (badness 10000) in paragraph at lines 2540--2549

 []


Underfull \hbox (badness 10000) in paragraph at lines 2540--2549

 []

[48] [49]
Underfull \hbox (badness 10000) in paragraph at lines 2674--2683

 []


Underfull \hbox (badness 10000) in paragraph at lines 2674--2683

 []


Underfull \hbox (badness 10000) in paragraph at lines 2674--2683

 []


Underfull \hbox (badness 10000) in paragraph at lines 2674--2683

 []


Underfull \hbox (badness 10000) in paragraph at lines 2686--2691

 []


Underfull \hbox (badness 10000) in paragraph at lines 2686--2691

 []

[50]
Underfull \hbox (badness 10000) in paragraph at lines 2724--2727

 []


Underfull \hbox (badness 10000) in paragraph at lines 2740--2743

 []


Underfull \hbox (badness 10000) in paragraph at lines 2760--2767

 []


Underfull \hbox (badness 10000) in paragraph at lines 2760--2767

 []


Underfull \hbox (badness 10000) in paragraph at lines 2760--2767

 []

[51] [52] [53]
Underfull \hbox (badness 10000) in paragraph at lines 3019--3024

 []


Underfull \hbox (badness 10000) in paragraph at lines 3019--3024

 []

[54]
Underfull \hbox (badness 10000) in paragraph at lines 3039--3048

 []


Underfull \hbox (badness 10000) in paragraph at lines 3039--3048

 []


Underfull \hbox (badness 10000) in paragraph at lines 3039--3048

 []


Underfull \hbox (badness 10000) in paragraph at lines 3039--3048

 []

[55]
Underfull \hbox (badness 10000) in paragraph at lines 3088--3093

 []


Underfull \hbox (badness 10000) in paragraph at lines 3088--3093

 []


Underfull \hbox (badness 10000) in paragraph at lines 3133--3144

 []


Underfull \hbox (badness 10000) in paragraph at lines 3133--3144

 []


Underfull \hbox (badness 10000) in paragraph at lines 3133--3144

 []


Underfull \hbox (badness 10000) in paragraph at lines 3133--3144

 []


Underfull \hbox (badness 10000) in paragraph at lines 3133--3144

 []

[56]
Underfull \hbox (badness 10000) in paragraph at lines 3151--3162

 []


Underfull \hbox (badness 10000) in paragraph at lines 3151--3162

 []


Underfull \hbox (badness 10000) in paragraph at lines 3151--3162

 []


Underfull \hbox (badness 10000) in paragraph at lines 3151--3162

 []


Underfull \hbox (badness 10000) in paragraph at lines 3151--3162

 []


Underfull \hbox (badness 10000) in paragraph at lines 3169--3172

 []

[57] [58] [59] [60]
Underfull \hbox (badness 10000) in paragraph at lines 3499--3502

 []

[61]
Underfull \hbox (badness 10000) in paragraph at lines 3516--3521

 []


Underfull \hbox (badness 10000) in paragraph at lines 3516--3521

 []


Underfull \hbox (badness 10000) in paragraph at lines 3587--3590

 []


Underfull \hbox (badness 10000) in paragraph at lines 3596--3607

 []


Underfull \hbox (badness 10000) in paragraph at lines 3596--3607

 []


Underfull \hbox (badness 10000) in paragraph at lines 3596--3607

 []


Underfull \hbox (badness 10000) in paragraph at lines 3596--3607

 []


Underfull \hbox (badness 10000) in paragraph at lines 3596--3607

 []

[62] [63]
Underfull \hbox (badness 10000) in paragraph at lines 3662--3665

 []

[64]
Underfull \hbox (badness 10000) in paragraph at lines 3766--3769

 []

[65]
Underfull \hbox (badness 10000) in paragraph at lines 3773--3778

 []


Underfull \hbox (badness 10000) in paragraph at lines 3773--3778

 []

[66]
Underfull \hbox (badness 10000) in paragraph at lines 3814--3818

 []

[67]
Underfull \hbox (badness 10000) in paragraph at lines 3879--3882

 []

[68]
Underfull \hbox (badness 10000) in paragraph at lines 4025--4028

 []


Underfull \hbox (badness 10000) in paragraph at lines 4043--4048

 []


Underfull \hbox (badness 10000) in paragraph at lines 4043--4048

 []

[69]
Underfull \hbox (badness 10000) in paragraph at lines 4075--4078

 []


Underfull \hbox (badness 10000) in paragraph at lines 4083--4088

 []


Underfull \hbox (badness 10000) in paragraph at lines 4083--4088

 []


Underfull \hbox (badness 10000) in paragraph at lines 4111--4115

 []


Underfull \hbox (badness 10000) in paragraph at lines 4115--4126

 []


Underfull \hbox (badness 10000) in paragraph at lines 4115--4126

 []


Underfull \hbox (badness 10000) in paragraph at lines 4115--4126

 []


Underfull \hbox (badness 10000) in paragraph at lines 4115--4126

 []


Underfull \hbox (badness 10000) in paragraph at lines 4115--4126

 []

[70] [71] [72]
Underfull \hbox (badness 10000) in paragraph at lines 4302--4305

 []


Underfull \hbox (badness 10000) in paragraph at lines 4307--4330

 []


Underfull \hbox (badness 10000) in paragraph at lines 4307--4330

 []


Underfull \hbox (badness 10000) in paragraph at lines 4307--4330

 []


Underfull \hbox (badness 10000) in paragraph at lines 4307--4330

 []


Underfull \hbox (badness 10000) in paragraph at lines 4307--4330

 []


Underfull \hbox (badness 10000) in paragraph at lines 4307--4330

 []


Underfull \hbox (badness 10000) in paragraph at lines 4307--4330

 []


Underfull \hbox (badness 10000) in paragraph at lines 4307--4330

 []


Underfull \hbox (badness 10000) in paragraph at lines 4307--4330

 []


Underfull \hbox (badness 10000) in paragraph at lines 4307--4330

 []


Underfull \hbox (badness 10000) in paragraph at lines 4307--4330

 []

[73]
Underfull \hbox (badness 10000) in paragraph at lines 4379--4382

 []

[74]
Underfull \hbox (badness 10000) in paragraph at lines 4396--4399

 []

[75]
Underfull \hbox (badness 10000) in paragraph at lines 4439--4442

 []


Underfull \hbox (badness 10000) in paragraph at lines 4473--4476

 []


Underfull \hbox (badness 10000) in paragraph at lines 4479--4482

 []

[76]
Underfull \hbox (badness 10000) in paragraph at lines 4512--4515

 []

[77]
Underfull \hbox (badness 10000) in paragraph at lines 4576--4579

 []


Underfull \hbox (badness 10000) in paragraph at lines 4608--4611

 []

[78]
Underfull \hbox (badness 10000) in paragraph at lines 4635--4638

 []

[79]
Underfull \hbox (badness 10000) in paragraph at lines 4694--4697

 []

[80]
Underfull \hbox (badness 10000) in paragraph at lines 4769--4774

 []


Underfull \hbox (badness 10000) in paragraph at lines 4769--4774

 []


Underfull \hbox (badness 10000) in paragraph at lines 4787--4790

 []


Overfull \hbox (2.09929pt too wide) in paragraph at lines 4792--4793
[]\T1/aer/m/n/10 Note that the sec-ond the-o-rem we just in-tro-duced im-plies 
that $[][]\OMS/cmsy/m/n/10 j\OML/cmm/m/it/10 M\OMS/cmsy/m/n/10 j \OT1/cmr/m/n/1
0 : \OML/cmm/m/it/10 M[][] \OMS/cmsy/m/n/10 ^^T
 []


Overfull \hbox (7.00342pt too wide) in paragraph at lines 4795--4796
[]\T1/aer/bx/n/10 Theorem \T1/aer/m/n/10 (Knig's The-o-rem)\T1/aer/bx/n/10 . [
]\T1/aer/m/it/10 In a bi-par-tite graph, $[][]\OMS/cmsy/m/n/10 j\OML/cmm/m/it/1
0 M\OMS/cmsy/m/n/10 j \OT1/cmr/m/n/10 : \OML/cmm/m/it/10 M[][] \OMS/cmsy/m/n/10
 ^^T [][]j\OML/cmm/m/it/10 C\OMS/cmsy/m/n/10 j \OT1/cmr/m/n/10 :
 []


Underfull \hbox (badness 10000) in paragraph at lines 4798--4801

 []


Underfull \hbox (badness 10000) in paragraph at lines 4820--4824

 []

[81]
Underfull \hbox (badness 10000) in paragraph at lines 4828--4837

 []


Underfull \hbox (badness 10000) in paragraph at lines 4828--4837

 []


Underfull \hbox (badness 10000) in paragraph at lines 4828--4837

 []


Underfull \hbox (badness 10000) in paragraph at lines 4828--4837

 []


Underfull \hbox (badness 10000) in paragraph at lines 4843--4848

 []


Underfull \hbox (badness 10000) in paragraph at lines 4843--4848

 []


Overfull \hbox (0.76198pt too wide) in paragraph at lines 4852--4852
[]\T1/aer/bx/n/10 Algorithm For Find-ing a Max-i-mum Match-ing and Min-i-mal Ve
r-tex Cover 
 []


Underfull \hbox (badness 10000) in paragraph at lines 4853--4856

 []


Underfull \hbox (badness 10000) in paragraph at lines 4853--4856

 []

[82]
Underfull \hbox (badness 10000) in paragraph at lines 4901--4904

 []

[83]
Underfull \hbox (badness 10000) in paragraph at lines 5003--5006

 []

[84]
Underfull \hbox (badness 10000) in paragraph at lines 5090--5095

 []


Underfull \hbox (badness 10000) in paragraph at lines 5090--5095

 []

[85]
Underfull \hbox (badness 10000) in paragraph at lines 5144--5151

 []


Underfull \hbox (badness 10000) in paragraph at lines 5144--5151

 []


Underfull \hbox (badness 10000) in paragraph at lines 5144--5151

 []

[86] [87]
Underfull \hbox (badness 10000) in paragraph at lines 5204--5207

 []


Underfull \hbox (badness 10000) in paragraph at lines 5208--5211

 []


Underfull \hbox (badness 10000) in paragraph at lines 5211--5214

 []

[88]
Underfull \hbox (badness 10000) in paragraph at lines 5214--5217

 []


Underfull \hbox (badness 10000) in paragraph at lines 5217--5220

 []

[89] [90] [91] [92]
Package atveryend Info: Empty hook `BeforeClearDocument' on input line 5451.
Package atveryend Info: Empty hook `AfterLastShipout' on input line 5451.
 (./math.aux)
Package atveryend Info: Executing hook `AtVeryEndDocument' on input line 5451.
Package atveryend Info: Executing hook `AtEndAfterFileList' on input line 5451.

Package rerunfilecheck Info: File `math.out' has not changed.
(rerunfilecheck)             Checksum: B51301FD8C75E910ED585A47E349C2EB;4270.
Package atveryend Info: Empty hook `AtVeryVeryEnd' on input line 5451.
 )
(\end occurred inside a group at level 1)

### simple group (level 1) entered at line 1061 ({)
### bottom level 
Here is how much of TeX's memory you used:
 24365 strings out of 493014
 451679 string characters out of 6133351
 525807 words of memory out of 5000000
 27169 multiletter control sequences out of 15000+600000
 49600 words of font info for 106 fonts, out of 8000000 for 9000
 1141 hyphenation exceptions out of 8191
 55i,19n,60p,611b,6484s stack positions out of 5000i,500n,10000p,200000b,80000s
</usr/local/texlive/2016/texmf-dist/fonts/type1/public/amsfonts
/cm/cmbx10.pfb></usr/local/texlive/2016/texmf-dist/fonts/type1/public/amsfonts/
cm/cmbx12.pfb></usr/local/texlive/2016/texmf-dist/fonts/type1/public/amsfonts/c
m/cmex10.pfb></usr/local/texlive/2016/texmf-dist/fonts/type1/public/amsfonts/cm
/cmmi10.pfb></usr/local/texlive/2016/texmf-dist/fonts/type1/public/amsfonts/cm/
cmmi5.pfb></usr/local/texlive/2016/texmf-dist/fonts/type1/public/amsfonts/cm/cm
mi7.pfb></usr/local/texlive/2016/texmf-dist/fonts/type1/public/amsfonts/cm/cmmi
b10.pfb></usr/local/texlive/2016/texmf-dist/fonts/type1/public/amsfonts/cmextra
/cmmib7.pfb></usr/local/texlive/2016/texmf-dist/fonts/type1/public/amsfonts/cm/
cmr10.pfb></usr/local/texlive/2016/texmf-dist/fonts/type1/public/amsfonts/cm/cm
r12.pfb></usr/local/texlive/2016/texmf-dist/fonts/type1/public/amsfonts/cm/cmr5
.pfb></usr/local/texlive/2016/texmf-dist/fonts/type1/public/amsfonts/cm/cmr7.pf
b></usr/local/texlive/2016/texmf-dist/fonts/type1/public/amsfonts/cm/cmr8.pfb><
/usr/local/texlive/2016/texmf-dist/fonts/type1/public/amsfonts/cm/cmsy10.pfb></
usr/local/texlive/2016/texmf-dist/fonts/type1/public/amsfonts/cm/cmsy5.pfb></us
r/local/texlive/2016/texmf-dist/fonts/type1/public/amsfonts/cm/cmsy7.pfb></usr/
local/texlive/2016/texmf-dist/fonts/type1/public/amsfonts/cm/cmsy8.pfb></usr/lo
cal/texlive/2016/texmf-dist/fonts/type1/public/amsfonts/cm/cmti10.pfb></usr/loc
al/texlive/2016/texmf-dist/fonts/type1/public/amsfonts/cm/cmti7.pfb></usr/local
/texlive/2016/texmf-dist/fonts/type1/public/amsfonts/symbols/msbm10.pfb></usr/l
ocal/texlive/2016/texmf-dist/fonts/type1/public/amsfonts/symbols/msbm7.pfb></us
r/local/texlive/2016/texmf-dist/fonts/type1/public/wasy2-ps/wasy10.pfb>
Output written on math.pdf (92 pages, 566868 bytes).
PDF statistics:
 1060 PDF objects out of 1200 (max. 8388607)
 934 compressed objects within 10 object streams
 344 named destinations out of 1000 (max. 500000)
 493 words of extra memory for PDF output out of 10000 (max. 10000000)

